[2020-07-09 04:27:48] local.ERROR: Please provide a valid cache path. {"exception":"[object] (InvalidArgumentException(code: 0): Please provide a valid cache path. at C:\\xampp\\htdocs\\dashboard\\myCommerceSite\\vendor\\laravel\\framework\\src\\Illuminate\\View\\Compilers\\Compiler.php:36)
[stacktrace]
#0 C:\\xampp\\htdocs\\dashboard\\myCommerceSite\\vendor\\laravel\\framework\\src\\Illuminate\\View\\ViewServiceProvider.php(91): Illuminate\\View\\Compilers\\Compiler->__construct(Object(Illuminate\\Filesystem\\Filesystem), false)
#1 C:\\xampp\\htdocs\\dashboard\\myCommerceSite\\vendor\\laravel\\framework\\src\\Illuminate\\Container\\Container.php(801): Illuminate\\View\\ViewServiceProvider->Illuminate\\View\\{closure}(Object(Illuminate\\Foundation\\Application), Array)
#2 C:\\xampp\\htdocs\\dashboard\\myCommerceSite\\vendor\\laravel\\framework\\src\\Illuminate\\Container\\Container.php(687): Illuminate\\Container\\Container->build(Object(Closure))
#3 C:\\xampp\\htdocs\\dashboard\\myCommerceSite\\vendor\\laravel\\framework\\src\\Illuminate\\Foundation\\Application.php(796): Illuminate\\Container\\Container->resolve('blade.compiler', Array, true)
#4 C:\\xampp\\htdocs\\dashboard\\myCommerceSite\\vendor\\laravel\\framework\\src\\Illuminate\\Container\\Container.php(633): Illuminate\\Foundation\\Application->resolve('blade.compiler', Array)
#5 C:\\xampp\\htdocs\\dashboard\\myCommerceSite\\vendor\\laravel\\framework\\src\\Illuminate\\Foundation\\Application.php(781): Illuminate\\Container\\Container->make('blade.compiler', Array)
#6 C:\\xampp\\htdocs\\dashboard\\myCommerceSite\\vendor\\laravel\\framework\\src\\Illuminate\\Container\\Container.php(1278): Illuminate\\Foundation\\Application->make('blade.compiler')
#7 C:\\xampp\\htdocs\\dashboard\\myCommerceSite\\vendor\\laravel\\framework\\src\\Illuminate\\View\\ViewServiceProvider.php(151): Illuminate\\Container\\Container->offsetGet('blade.compiler')
#8 [internal function]: Illuminate\\View\\ViewServiceProvider->Illuminate\\View\\{closure}()
#9 C:\\xampp\\htdocs\\dashboard\\myCommerceSite\\vendor\\laravel\\framework\\src\\Illuminate\\View\\Engines\\EngineResolver.php(55): call_user_func(Object(Closure))
#10 C:\\xampp\\htdocs\\dashboard\\myCommerceSite\\vendor\\facade\\ignition\\src\\IgnitionServiceProvider.php(378): Illuminate\\View\\Engines\\EngineResolver->resolve('blade')
#11 C:\\xampp\\htdocs\\dashboard\\myCommerceSite\\vendor\\facade\\ignition\\src\\IgnitionServiceProvider.php(117): Facade\\Ignition\\IgnitionServiceProvider->hasCustomViewEnginesRegistered()
#12 C:\\xampp\\htdocs\\dashboard\\myCommerceSite\\vendor\\facade\\ignition\\src\\IgnitionServiceProvider.php(79): Facade\\Ignition\\IgnitionServiceProvider->registerViewEngines()
#13 [internal function]: Facade\\Ignition\\IgnitionServiceProvider->boot()
#14 C:\\xampp\\htdocs\\dashboard\\myCommerceSite\\vendor\\laravel\\framework\\src\\Illuminate\\Container\\BoundMethod.php(33): call_user_func_array(Array, Array)
#15 C:\\xampp\\htdocs\\dashboard\\myCommerceSite\\vendor\\laravel\\framework\\src\\Illuminate\\Container\\Util.php(36): Illuminate\\Container\\BoundMethod::Illuminate\\Container\\{closure}()
#16 C:\\xampp\\htdocs\\dashboard\\myCommerceSite\\vendor\\laravel\\framework\\src\\Illuminate\\Container\\BoundMethod.php(91): Illuminate\\Container\\Util::unwrapIfClosure(Object(Closure))
#17 C:\\xampp\\htdocs\\dashboard\\myCommerceSite\\vendor\\laravel\\framework\\src\\Illuminate\\Container\\BoundMethod.php(35): Illuminate\\Container\\BoundMethod::callBoundMethod(Object(Illuminate\\Foundation\\Application), Array, Object(Closure))
#18 C:\\xampp\\htdocs\\dashboard\\myCommerceSite\\vendor\\laravel\\framework\\src\\Illuminate\\Container\\Container.php(592): Illuminate\\Container\\BoundMethod::call(Object(Illuminate\\Foundation\\Application), Array, Array, NULL)
#19 C:\\xampp\\htdocs\\dashboard\\myCommerceSite\\vendor\\laravel\\framework\\src\\Illuminate\\Foundation\\Application.php(867): Illuminate\\Container\\Container->call(Array)
#20 C:\\xampp\\htdocs\\dashboard\\myCommerceSite\\vendor\\laravel\\framework\\src\\Illuminate\\Foundation\\Application.php(850): Illuminate\\Foundation\\Application->bootProvider(Object(Facade\\Ignition\\IgnitionServiceProvider))
#21 [internal function]: Illuminate\\Foundation\\Application->Illuminate\\Foundation\\{closure}(Object(Facade\\Ignition\\IgnitionServiceProvider), 15)
#22 C:\\xampp\\htdocs\\dashboard\\myCommerceSite\\vendor\\laravel\\framework\\src\\Illuminate\\Foundation\\Application.php(851): array_walk(Array, Object(Closure))
#23 C:\\xampp\\htdocs\\dashboard\\myCommerceSite\\vendor\\laravel\\framework\\src\\Illuminate\\Foundation\\Bootstrap\\BootProviders.php(17): Illuminate\\Foundation\\Application->boot()
#24 C:\\xampp\\htdocs\\dashboard\\myCommerceSite\\vendor\\laravel\\framework\\src\\Illuminate\\Foundation\\Application.php(230): Illuminate\\Foundation\\Bootstrap\\BootProviders->bootstrap(Object(Illuminate\\Foundation\\Application))
#25 C:\\xampp\\htdocs\\dashboard\\myCommerceSite\\vendor\\laravel\\framework\\src\\Illuminate\\Foundation\\Http\\Kernel.php(151): Illuminate\\Foundation\\Application->bootstrapWith(Array)
#26 C:\\xampp\\htdocs\\dashboard\\myCommerceSite\\vendor\\laravel\\framework\\src\\Illuminate\\Foundation\\Http\\Kernel.php(135): Illuminate\\Foundation\\Http\\Kernel->bootstrap()
#27 C:\\xampp\\htdocs\\dashboard\\myCommerceSite\\vendor\\laravel\\framework\\src\\Illuminate\\Foundation\\Http\\Kernel.php(109): Illuminate\\Foundation\\Http\\Kernel->sendRequestThroughRouter(Object(Illuminate\\Http\\Request))
#28 C:\\xampp\\htdocs\\dashboard\\myCommerceSite\\index.php(55): Illuminate\\Foundation\\Http\\Kernel->handle(Object(Illuminate\\Http\\Request))
#29 {main}
"} 
[2020-07-09 05:15:02] local.ERROR: include(C:\xampp\htdocs\dashboard\myCommerceSite\vendor\composer/../pusher/pusher-php-server/src/Pusher.php): failed to open stream: No such file or directory {"exception":"[object] (ErrorException(code: 0): include(C:\\xampp\\htdocs\\dashboard\\myCommerceSite\\vendor\\composer/../pusher/pusher-php-server/src/Pusher.php): failed to open stream: No such file or directory at C:\\xampp\\htdocs\\dashboard\\myCommerceSite\\vendor\\composer\\ClassLoader.php:444)
[stacktrace]
#0 C:\\xampp\\htdocs\\dashboard\\myCommerceSite\\vendor\\composer\\ClassLoader.php(444): Illuminate\\Foundation\\Bootstrap\\HandleExceptions->handleError(2, 'include(C:\\\\xamp...', 'C:\\\\xampp\\\\htdocs...', 444, Array)
#1 C:\\xampp\\htdocs\\dashboard\\myCommerceSite\\vendor\\composer\\ClassLoader.php(444): include()
#2 C:\\xampp\\htdocs\\dashboard\\myCommerceSite\\vendor\\composer\\ClassLoader.php(322): Composer\\Autoload\\includeFile('C:\\\\xampp\\\\htdocs...')
#3 [internal function]: Composer\\Autoload\\ClassLoader->loadClass('Pusher\\\\Pusher')
#4 C:\\xampp\\htdocs\\dashboard\\myCommerceSite\\vendor\\laravel\\framework\\src\\Illuminate\\Broadcasting\\BroadcastManager.php(211): spl_autoload_call('Pusher\\\\Pusher')
#5 C:\\xampp\\htdocs\\dashboard\\myCommerceSite\\vendor\\laravel\\framework\\src\\Illuminate\\Broadcasting\\BroadcastManager.php(189): Illuminate\\Broadcasting\\BroadcastManager->createPusherDriver(Array)
#6 C:\\xampp\\htdocs\\dashboard\\myCommerceSite\\vendor\\laravel\\framework\\src\\Illuminate\\Broadcasting\\BroadcastManager.php(164): Illuminate\\Broadcasting\\BroadcastManager->resolve('pusher')
#7 C:\\xampp\\htdocs\\dashboard\\myCommerceSite\\vendor\\laravel\\framework\\src\\Illuminate\\Broadcasting\\BroadcastManager.php(153): Illuminate\\Broadcasting\\BroadcastManager->get('pusher')
#8 C:\\xampp\\htdocs\\dashboard\\myCommerceSite\\vendor\\laravel\\framework\\src\\Illuminate\\Broadcasting\\BroadcastManager.php(320): Illuminate\\Broadcasting\\BroadcastManager->driver()
#9 C:\\xampp\\htdocs\\dashboard\\myCommerceSite\\vendor\\laravel\\framework\\src\\Illuminate\\Support\\Facades\\Facade.php(261): Illuminate\\Broadcasting\\BroadcastManager->__call('channel', Array)
#10 C:\\xampp\\htdocs\\dashboard\\myCommerceSite\outes\\channels.php(18): Illuminate\\Support\\Facades\\Facade::__callStatic('channel', Array)
#11 C:\\xampp\\htdocs\\dashboard\\myCommerceSite\\app\\Providers\\BroadcastServiceProvider.php(19): require('C:\\\\xampp\\\\htdocs...')
#12 [internal function]: App\\Providers\\BroadcastServiceProvider->boot()
#13 C:\\xampp\\htdocs\\dashboard\\myCommerceSite\\vendor\\laravel\\framework\\src\\Illuminate\\Container\\BoundMethod.php(33): call_user_func_array(Array, Array)
#14 C:\\xampp\\htdocs\\dashboard\\myCommerceSite\\vendor\\laravel\\framework\\src\\Illuminate\\Container\\Util.php(36): Illuminate\\Container\\BoundMethod::Illuminate\\Container\\{closure}()
#15 C:\\xampp\\htdocs\\dashboard\\myCommerceSite\\vendor\\laravel\\framework\\src\\Illuminate\\Container\\BoundMethod.php(91): Illuminate\\Container\\Util::unwrapIfClosure(Object(Closure))
#16 C:\\xampp\\htdocs\\dashboard\\myCommerceSite\\vendor\\laravel\\framework\\src\\Illuminate\\Container\\BoundMethod.php(35): Illuminate\\Container\\BoundMethod::callBoundMethod(Object(Illuminate\\Foundation\\Application), Array, Object(Closure))
#17 C:\\xampp\\htdocs\\dashboard\\myCommerceSite\\vendor\\laravel\\framework\\src\\Illuminate\\Container\\Container.php(592): Illuminate\\Container\\BoundMethod::call(Object(Illuminate\\Foundation\\Application), Array, Array, NULL)
#18 C:\\xampp\\htdocs\\dashboard\\myCommerceSite\\vendor\\laravel\\framework\\src\\Illuminate\\Foundation\\Application.php(867): Illuminate\\Container\\Container->call(Array)
#19 C:\\xampp\\htdocs\\dashboard\\myCommerceSite\\vendor\\laravel\\framework\\src\\Illuminate\\Foundation\\Application.php(850): Illuminate\\Foundation\\Application->bootProvider(Object(App\\Providers\\BroadcastServiceProvider))
#20 [internal function]: Illuminate\\Foundation\\Application->Illuminate\\Foundation\\{closure}(Object(App\\Providers\\BroadcastServiceProvider), 24)
#21 C:\\xampp\\htdocs\\dashboard\\myCommerceSite\\vendor\\laravel\\framework\\src\\Illuminate\\Foundation\\Application.php(851): array_walk(Array, Object(Closure))
#22 C:\\xampp\\htdocs\\dashboard\\myCommerceSite\\vendor\\laravel\\framework\\src\\Illuminate\\Foundation\\Bootstrap\\BootProviders.php(17): Illuminate\\Foundation\\Application->boot()
#23 C:\\xampp\\htdocs\\dashboard\\myCommerceSite\\vendor\\laravel\\framework\\src\\Illuminate\\Foundation\\Application.php(230): Illuminate\\Foundation\\Bootstrap\\BootProviders->bootstrap(Object(Illuminate\\Foundation\\Application))
#24 C:\\xampp\\htdocs\\dashboard\\myCommerceSite\\vendor\\laravel\\framework\\src\\Illuminate\\Foundation\\Http\\Kernel.php(151): Illuminate\\Foundation\\Application->bootstrapWith(Array)
#25 C:\\xampp\\htdocs\\dashboard\\myCommerceSite\\vendor\\laravel\\framework\\src\\Illuminate\\Foundation\\Http\\Kernel.php(135): Illuminate\\Foundation\\Http\\Kernel->bootstrap()
#26 C:\\xampp\\htdocs\\dashboard\\myCommerceSite\\vendor\\laravel\\framework\\src\\Illuminate\\Foundation\\Http\\Kernel.php(109): Illuminate\\Foundation\\Http\\Kernel->sendRequestThroughRouter(Object(Illuminate\\Http\\Request))
#27 C:\\xampp\\htdocs\\dashboard\\myCommerceSite\\index.php(55): Illuminate\\Foundation\\Http\\Kernel->handle(Object(Illuminate\\Http\\Request))
#28 {main}
"} 
[2020-07-09 05:22:12] local.ERROR: include(C:\xampp\htdocs\dashboard\myCommerceSite\vendor\composer/../nesbot/carbon/src/Carbon/Laravel/ServiceProvider.php): failed to open stream: No such file or directory {"exception":"[object] (ErrorException(code: 0): include(C:\\xampp\\htdocs\\dashboard\\myCommerceSite\\vendor\\composer/../nesbot/carbon/src/Carbon/Laravel/ServiceProvider.php): failed to open stream: No such file or directory at C:\\xampp\\htdocs\\dashboard\\myCommerceSite\\vendor\\composer\\ClassLoader.php:444)
[stacktrace]
#0 C:\\xampp\\htdocs\\dashboard\\myCommerceSite\\vendor\\composer\\ClassLoader.php(444): Illuminate\\Foundation\\Bootstrap\\HandleExceptions->handleError(2, 'include(C:\\\\xamp...', 'C:\\\\xampp\\\\htdocs...', 444, Array)
#1 C:\\xampp\\htdocs\\dashboard\\myCommerceSite\\vendor\\composer\\ClassLoader.php(444): include()
#2 C:\\xampp\\htdocs\\dashboard\\myCommerceSite\\vendor\\composer\\ClassLoader.php(322): Composer\\Autoload\\includeFile('C:\\\\xampp\\\\htdocs...')
#3 [internal function]: Composer\\Autoload\\ClassLoader->loadClass('Carbon\\\\Laravel\\\\...')
#4 C:\\xampp\\htdocs\\dashboard\\myCommerceSite\\vendor\\laravel\\framework\\src\\Illuminate\\Foundation\\Application.php(690): spl_autoload_call('Carbon\\\\Laravel\\\\...')
#5 C:\\xampp\\htdocs\\dashboard\\myCommerceSite\\vendor\\laravel\\framework\\src\\Illuminate\\Foundation\\Application.php(624): Illuminate\\Foundation\\Application->resolveProvider('Carbon\\\\Laravel\\\\...')
#6 C:\\xampp\\htdocs\\dashboard\\myCommerceSite\\vendor\\laravel\\framework\\src\\Illuminate\\Foundation\\ProviderRepository.php(75): Illuminate\\Foundation\\Application->register('Carbon\\\\Laravel\\\\...')
#7 C:\\xampp\\htdocs\\dashboard\\myCommerceSite\\vendor\\laravel\\framework\\src\\Illuminate\\Foundation\\Application.php(604): Illuminate\\Foundation\\ProviderRepository->load(Array)
#8 C:\\xampp\\htdocs\\dashboard\\myCommerceSite\\vendor\\laravel\\framework\\src\\Illuminate\\Foundation\\Bootstrap\\RegisterProviders.php(17): Illuminate\\Foundation\\Application->registerConfiguredProviders()
#9 C:\\xampp\\htdocs\\dashboard\\myCommerceSite\\vendor\\laravel\\framework\\src\\Illuminate\\Foundation\\Application.php(230): Illuminate\\Foundation\\Bootstrap\\RegisterProviders->bootstrap(Object(Illuminate\\Foundation\\Application))
#10 C:\\xampp\\htdocs\\dashboard\\myCommerceSite\\vendor\\laravel\\framework\\src\\Illuminate\\Foundation\\Http\\Kernel.php(151): Illuminate\\Foundation\\Application->bootstrapWith(Array)
#11 C:\\xampp\\htdocs\\dashboard\\myCommerceSite\\vendor\\laravel\\framework\\src\\Illuminate\\Foundation\\Http\\Kernel.php(135): Illuminate\\Foundation\\Http\\Kernel->bootstrap()
#12 C:\\xampp\\htdocs\\dashboard\\myCommerceSite\\vendor\\laravel\\framework\\src\\Illuminate\\Foundation\\Http\\Kernel.php(109): Illuminate\\Foundation\\Http\\Kernel->sendRequestThroughRouter(Object(Illuminate\\Http\\Request))
#13 C:\\xampp\\htdocs\\dashboard\\myCommerceSite\\index.php(55): Illuminate\\Foundation\\Http\\Kernel->handle(Object(Illuminate\\Http\\Request))
#14 {main}
"} 
[2020-07-11 09:01:58] local.ERROR: Class 'Pusher\Pusher' not found {"exception":"[object] (Error(code: 0): Class 'Pusher\\Pusher' not found at C:\\xampp\\htdocs\\dashboard\\myCommerceSite\\vendor\\laravel\\framework\\src\\Illuminate\\Broadcasting\\BroadcastManager.php:211)
[stacktrace]
#0 C:\\xampp\\htdocs\\dashboard\\myCommerceSite\\vendor\\laravel\\framework\\src\\Illuminate\\Broadcasting\\BroadcastManager.php(189): Illuminate\\Broadcasting\\BroadcastManager->createPusherDriver(Array)
#1 C:\\xampp\\htdocs\\dashboard\\myCommerceSite\\vendor\\laravel\\framework\\src\\Illuminate\\Broadcasting\\BroadcastManager.php(164): Illuminate\\Broadcasting\\BroadcastManager->resolve('pusher')
#2 C:\\xampp\\htdocs\\dashboard\\myCommerceSite\\vendor\\laravel\\framework\\src\\Illuminate\\Broadcasting\\BroadcastManager.php(153): Illuminate\\Broadcasting\\BroadcastManager->get('pusher')
#3 C:\\xampp\\htdocs\\dashboard\\myCommerceSite\\vendor\\laravel\\framework\\src\\Illuminate\\Broadcasting\\BroadcastManager.php(320): Illuminate\\Broadcasting\\BroadcastManager->driver()
#4 C:\\xampp\\htdocs\\dashboard\\myCommerceSite\\vendor\\laravel\\framework\\src\\Illuminate\\Support\\Facades\\Facade.php(261): Illuminate\\Broadcasting\\BroadcastManager->__call('channel', Array)
#5 C:\\xampp\\htdocs\\dashboard\\myCommerceSite\outes\\channels.php(18): Illuminate\\Support\\Facades\\Facade::__callStatic('channel', Array)
#6 C:\\xampp\\htdocs\\dashboard\\myCommerceSite\\app\\Providers\\BroadcastServiceProvider.php(19): require('C:\\\\xampp\\\\htdocs...')
#7 [internal function]: App\\Providers\\BroadcastServiceProvider->boot()
#8 C:\\xampp\\htdocs\\dashboard\\myCommerceSite\\vendor\\laravel\\framework\\src\\Illuminate\\Container\\BoundMethod.php(33): call_user_func_array(Array, Array)
#9 C:\\xampp\\htdocs\\dashboard\\myCommerceSite\\vendor\\laravel\\framework\\src\\Illuminate\\Container\\Util.php(37): Illuminate\\Container\\BoundMethod::Illuminate\\Container\\{closure}()
#10 C:\\xampp\\htdocs\\dashboard\\myCommerceSite\\vendor\\laravel\\framework\\src\\Illuminate\\Container\\BoundMethod.php(91): Illuminate\\Container\\Util::unwrapIfClosure(Object(Closure))
#11 C:\\xampp\\htdocs\\dashboard\\myCommerceSite\\vendor\\laravel\\framework\\src\\Illuminate\\Container\\BoundMethod.php(35): Illuminate\\Container\\BoundMethod::callBoundMethod(Object(Illuminate\\Foundation\\Application), Array, Object(Closure))
#12 C:\\xampp\\htdocs\\dashboard\\myCommerceSite\\vendor\\laravel\\framework\\src\\Illuminate\\Container\\Container.php(592): Illuminate\\Container\\BoundMethod::call(Object(Illuminate\\Foundation\\Application), Array, Array, NULL)
#13 C:\\xampp\\htdocs\\dashboard\\myCommerceSite\\vendor\\laravel\\framework\\src\\Illuminate\\Foundation\\Application.php(867): Illuminate\\Container\\Container->call(Array)
#14 C:\\xampp\\htdocs\\dashboard\\myCommerceSite\\vendor\\laravel\\framework\\src\\Illuminate\\Foundation\\Application.php(850): Illuminate\\Foundation\\Application->bootProvider(Object(App\\Providers\\BroadcastServiceProvider))
#15 [internal function]: Illuminate\\Foundation\\Application->Illuminate\\Foundation\\{closure}(Object(App\\Providers\\BroadcastServiceProvider), 23)
#16 C:\\xampp\\htdocs\\dashboard\\myCommerceSite\\vendor\\laravel\\framework\\src\\Illuminate\\Foundation\\Application.php(851): array_walk(Array, Object(Closure))
#17 C:\\xampp\\htdocs\\dashboard\\myCommerceSite\\vendor\\laravel\\framework\\src\\Illuminate\\Foundation\\Bootstrap\\BootProviders.php(17): Illuminate\\Foundation\\Application->boot()
#18 C:\\xampp\\htdocs\\dashboard\\myCommerceSite\\vendor\\laravel\\framework\\src\\Illuminate\\Foundation\\Application.php(230): Illuminate\\Foundation\\Bootstrap\\BootProviders->bootstrap(Object(Illuminate\\Foundation\\Application))
#19 C:\\xampp\\htdocs\\dashboard\\myCommerceSite\\vendor\\laravel\\framework\\src\\Illuminate\\Foundation\\Console\\Kernel.php(310): Illuminate\\Foundation\\Application->bootstrapWith(Array)
#20 C:\\xampp\\htdocs\\dashboard\\myCommerceSite\\vendor\\laravel\\framework\\src\\Illuminate\\Foundation\\Console\\Kernel.php(127): Illuminate\\Foundation\\Console\\Kernel->bootstrap()
#21 C:\\xampp\\htdocs\\dashboard\\myCommerceSite\\artisan(37): Illuminate\\Foundation\\Console\\Kernel->handle(Object(Symfony\\Component\\Console\\Input\\ArgvInput), Object(Symfony\\Component\\Console\\Output\\ConsoleOutput))
#22 {main}
"} 
[2020-07-11 09:02:47] local.ERROR: Class 'Pusher\Pusher' not found {"exception":"[object] (Error(code: 0): Class 'Pusher\\Pusher' not found at C:\\xampp\\htdocs\\dashboard\\myCommerceSite\\vendor\\laravel\\framework\\src\\Illuminate\\Broadcasting\\BroadcastManager.php:211)
[stacktrace]
#0 C:\\xampp\\htdocs\\dashboard\\myCommerceSite\\vendor\\laravel\\framework\\src\\Illuminate\\Broadcasting\\BroadcastManager.php(189): Illuminate\\Broadcasting\\BroadcastManager->createPusherDriver(Array)
#1 C:\\xampp\\htdocs\\dashboard\\myCommerceSite\\vendor\\laravel\\framework\\src\\Illuminate\\Broadcasting\\BroadcastManager.php(164): Illuminate\\Broadcasting\\BroadcastManager->resolve('pusher')
#2 C:\\xampp\\htdocs\\dashboard\\myCommerceSite\\vendor\\laravel\\framework\\src\\Illuminate\\Broadcasting\\BroadcastManager.php(153): Illuminate\\Broadcasting\\BroadcastManager->get('pusher')
#3 C:\\xampp\\htdocs\\dashboard\\myCommerceSite\\vendor\\laravel\\framework\\src\\Illuminate\\Broadcasting\\BroadcastManager.php(320): Illuminate\\Broadcasting\\BroadcastManager->driver()
#4 C:\\xampp\\htdocs\\dashboard\\myCommerceSite\\vendor\\laravel\\framework\\src\\Illuminate\\Support\\Facades\\Facade.php(261): Illuminate\\Broadcasting\\BroadcastManager->__call('channel', Array)
#5 C:\\xampp\\htdocs\\dashboard\\myCommerceSite\outes\\channels.php(18): Illuminate\\Support\\Facades\\Facade::__callStatic('channel', Array)
#6 C:\\xampp\\htdocs\\dashboard\\myCommerceSite\\app\\Providers\\BroadcastServiceProvider.php(19): require('C:\\\\xampp\\\\htdocs...')
#7 [internal function]: App\\Providers\\BroadcastServiceProvider->boot()
#8 C:\\xampp\\htdocs\\dashboard\\myCommerceSite\\vendor\\laravel\\framework\\src\\Illuminate\\Container\\BoundMethod.php(33): call_user_func_array(Array, Array)
#9 C:\\xampp\\htdocs\\dashboard\\myCommerceSite\\vendor\\laravel\\framework\\src\\Illuminate\\Container\\Util.php(37): Illuminate\\Container\\BoundMethod::Illuminate\\Container\\{closure}()
#10 C:\\xampp\\htdocs\\dashboard\\myCommerceSite\\vendor\\laravel\\framework\\src\\Illuminate\\Container\\BoundMethod.php(91): Illuminate\\Container\\Util::unwrapIfClosure(Object(Closure))
#11 C:\\xampp\\htdocs\\dashboard\\myCommerceSite\\vendor\\laravel\\framework\\src\\Illuminate\\Container\\BoundMethod.php(35): Illuminate\\Container\\BoundMethod::callBoundMethod(Object(Illuminate\\Foundation\\Application), Array, Object(Closure))
#12 C:\\xampp\\htdocs\\dashboard\\myCommerceSite\\vendor\\laravel\\framework\\src\\Illuminate\\Container\\Container.php(592): Illuminate\\Container\\BoundMethod::call(Object(Illuminate\\Foundation\\Application), Array, Array, NULL)
#13 C:\\xampp\\htdocs\\dashboard\\myCommerceSite\\vendor\\laravel\\framework\\src\\Illuminate\\Foundation\\Application.php(867): Illuminate\\Container\\Container->call(Array)
#14 C:\\xampp\\htdocs\\dashboard\\myCommerceSite\\vendor\\laravel\\framework\\src\\Illuminate\\Foundation\\Application.php(850): Illuminate\\Foundation\\Application->bootProvider(Object(App\\Providers\\BroadcastServiceProvider))
#15 [internal function]: Illuminate\\Foundation\\Application->Illuminate\\Foundation\\{closure}(Object(App\\Providers\\BroadcastServiceProvider), 23)
#16 C:\\xampp\\htdocs\\dashboard\\myCommerceSite\\vendor\\laravel\\framework\\src\\Illuminate\\Foundation\\Application.php(851): array_walk(Array, Object(Closure))
#17 C:\\xampp\\htdocs\\dashboard\\myCommerceSite\\vendor\\laravel\\framework\\src\\Illuminate\\Foundation\\Bootstrap\\BootProviders.php(17): Illuminate\\Foundation\\Application->boot()
#18 C:\\xampp\\htdocs\\dashboard\\myCommerceSite\\vendor\\laravel\\framework\\src\\Illuminate\\Foundation\\Application.php(230): Illuminate\\Foundation\\Bootstrap\\BootProviders->bootstrap(Object(Illuminate\\Foundation\\Application))
#19 C:\\xampp\\htdocs\\dashboard\\myCommerceSite\\vendor\\laravel\\framework\\src\\Illuminate\\Foundation\\Console\\Kernel.php(310): Illuminate\\Foundation\\Application->bootstrapWith(Array)
#20 C:\\xampp\\htdocs\\dashboard\\myCommerceSite\\vendor\\laravel\\framework\\src\\Illuminate\\Foundation\\Console\\Kernel.php(127): Illuminate\\Foundation\\Console\\Kernel->bootstrap()
#21 C:\\xampp\\htdocs\\dashboard\\myCommerceSite\\artisan(37): Illuminate\\Foundation\\Console\\Kernel->handle(Object(Symfony\\Component\\Console\\Input\\ArgvInput), Object(Symfony\\Component\\Console\\Output\\ConsoleOutput))
#22 {main}
"} 
[2020-07-11 09:06:37] local.ERROR: Class 'Pusher\Pusher' not found {"exception":"[object] (Error(code: 0): Class 'Pusher\\Pusher' not found at C:\\xampp\\htdocs\\dashboard\\myCommerceSite\\vendor\\laravel\\framework\\src\\Illuminate\\Broadcasting\\BroadcastManager.php:211)
[stacktrace]
#0 C:\\xampp\\htdocs\\dashboard\\myCommerceSite\\vendor\\laravel\\framework\\src\\Illuminate\\Broadcasting\\BroadcastManager.php(189): Illuminate\\Broadcasting\\BroadcastManager->createPusherDriver(Array)
#1 C:\\xampp\\htdocs\\dashboard\\myCommerceSite\\vendor\\laravel\\framework\\src\\Illuminate\\Broadcasting\\BroadcastManager.php(164): Illuminate\\Broadcasting\\BroadcastManager->resolve('pusher')
#2 C:\\xampp\\htdocs\\dashboard\\myCommerceSite\\vendor\\laravel\\framework\\src\\Illuminate\\Broadcasting\\BroadcastManager.php(153): Illuminate\\Broadcasting\\BroadcastManager->get('pusher')
#3 C:\\xampp\\htdocs\\dashboard\\myCommerceSite\\vendor\\laravel\\framework\\src\\Illuminate\\Broadcasting\\BroadcastManager.php(320): Illuminate\\Broadcasting\\BroadcastManager->driver()
#4 C:\\xampp\\htdocs\\dashboard\\myCommerceSite\\vendor\\laravel\\framework\\src\\Illuminate\\Support\\Facades\\Facade.php(261): Illuminate\\Broadcasting\\BroadcastManager->__call('channel', Array)
#5 C:\\xampp\\htdocs\\dashboard\\myCommerceSite\outes\\channels.php(18): Illuminate\\Support\\Facades\\Facade::__callStatic('channel', Array)
#6 C:\\xampp\\htdocs\\dashboard\\myCommerceSite\\app\\Providers\\BroadcastServiceProvider.php(19): require('C:\\\\xampp\\\\htdocs...')
#7 [internal function]: App\\Providers\\BroadcastServiceProvider->boot()
#8 C:\\xampp\\htdocs\\dashboard\\myCommerceSite\\vendor\\laravel\\framework\\src\\Illuminate\\Container\\BoundMethod.php(33): call_user_func_array(Array, Array)
#9 C:\\xampp\\htdocs\\dashboard\\myCommerceSite\\vendor\\laravel\\framework\\src\\Illuminate\\Container\\Util.php(37): Illuminate\\Container\\BoundMethod::Illuminate\\Container\\{closure}()
#10 C:\\xampp\\htdocs\\dashboard\\myCommerceSite\\vendor\\laravel\\framework\\src\\Illuminate\\Container\\BoundMethod.php(91): Illuminate\\Container\\Util::unwrapIfClosure(Object(Closure))
#11 C:\\xampp\\htdocs\\dashboard\\myCommerceSite\\vendor\\laravel\\framework\\src\\Illuminate\\Container\\BoundMethod.php(35): Illuminate\\Container\\BoundMethod::callBoundMethod(Object(Illuminate\\Foundation\\Application), Array, Object(Closure))
#12 C:\\xampp\\htdocs\\dashboard\\myCommerceSite\\vendor\\laravel\\framework\\src\\Illuminate\\Container\\Container.php(592): Illuminate\\Container\\BoundMethod::call(Object(Illuminate\\Foundation\\Application), Array, Array, NULL)
#13 C:\\xampp\\htdocs\\dashboard\\myCommerceSite\\vendor\\laravel\\framework\\src\\Illuminate\\Foundation\\Application.php(867): Illuminate\\Container\\Container->call(Array)
#14 C:\\xampp\\htdocs\\dashboard\\myCommerceSite\\vendor\\laravel\\framework\\src\\Illuminate\\Foundation\\Application.php(850): Illuminate\\Foundation\\Application->bootProvider(Object(App\\Providers\\BroadcastServiceProvider))
#15 [internal function]: Illuminate\\Foundation\\Application->Illuminate\\Foundation\\{closure}(Object(App\\Providers\\BroadcastServiceProvider), 23)
#16 C:\\xampp\\htdocs\\dashboard\\myCommerceSite\\vendor\\laravel\\framework\\src\\Illuminate\\Foundation\\Application.php(851): array_walk(Array, Object(Closure))
#17 C:\\xampp\\htdocs\\dashboard\\myCommerceSite\\vendor\\laravel\\framework\\src\\Illuminate\\Foundation\\Bootstrap\\BootProviders.php(17): Illuminate\\Foundation\\Application->boot()
#18 C:\\xampp\\htdocs\\dashboard\\myCommerceSite\\vendor\\laravel\\framework\\src\\Illuminate\\Foundation\\Application.php(230): Illuminate\\Foundation\\Bootstrap\\BootProviders->bootstrap(Object(Illuminate\\Foundation\\Application))
#19 C:\\xampp\\htdocs\\dashboard\\myCommerceSite\\vendor\\laravel\\framework\\src\\Illuminate\\Foundation\\Http\\Kernel.php(151): Illuminate\\Foundation\\Application->bootstrapWith(Array)
#20 C:\\xampp\\htdocs\\dashboard\\myCommerceSite\\vendor\\laravel\\framework\\src\\Illuminate\\Foundation\\Http\\Kernel.php(135): Illuminate\\Foundation\\Http\\Kernel->bootstrap()
#21 C:\\xampp\\htdocs\\dashboard\\myCommerceSite\\vendor\\laravel\\framework\\src\\Illuminate\\Foundation\\Http\\Kernel.php(109): Illuminate\\Foundation\\Http\\Kernel->sendRequestThroughRouter(Object(Illuminate\\Http\\Request))
#22 C:\\xampp\\htdocs\\dashboard\\myCommerceSite\\index.php(55): Illuminate\\Foundation\\Http\\Kernel->handle(Object(Illuminate\\Http\\Request))
#23 {main}
"} 
[2020-07-11 09:08:30] local.ERROR: Class 'Pusher\Pusher' not found {"exception":"[object] (Error(code: 0): Class 'Pusher\\Pusher' not found at C:\\xampp\\htdocs\\dashboard\\myCommerceSite\\vendor\\laravel\\framework\\src\\Illuminate\\Broadcasting\\BroadcastManager.php:211)
[stacktrace]
#0 C:\\xampp\\htdocs\\dashboard\\myCommerceSite\\vendor\\laravel\\framework\\src\\Illuminate\\Broadcasting\\BroadcastManager.php(189): Illuminate\\Broadcasting\\BroadcastManager->createPusherDriver(Array)
#1 C:\\xampp\\htdocs\\dashboard\\myCommerceSite\\vendor\\laravel\\framework\\src\\Illuminate\\Broadcasting\\BroadcastManager.php(164): Illuminate\\Broadcasting\\BroadcastManager->resolve('pusher')
#2 C:\\xampp\\htdocs\\dashboard\\myCommerceSite\\vendor\\laravel\\framework\\src\\Illuminate\\Broadcasting\\BroadcastManager.php(153): Illuminate\\Broadcasting\\BroadcastManager->get('pusher')
#3 C:\\xampp\\htdocs\\dashboard\\myCommerceSite\\vendor\\laravel\\framework\\src\\Illuminate\\Broadcasting\\BroadcastManager.php(320): Illuminate\\Broadcasting\\BroadcastManager->driver()
#4 C:\\xampp\\htdocs\\dashboard\\myCommerceSite\\vendor\\laravel\\framework\\src\\Illuminate\\Support\\Facades\\Facade.php(261): Illuminate\\Broadcasting\\BroadcastManager->__call('channel', Array)
#5 C:\\xampp\\htdocs\\dashboard\\myCommerceSite\outes\\channels.php(18): Illuminate\\Support\\Facades\\Facade::__callStatic('channel', Array)
#6 C:\\xampp\\htdocs\\dashboard\\myCommerceSite\\app\\Providers\\BroadcastServiceProvider.php(19): require('C:\\\\xampp\\\\htdocs...')
#7 [internal function]: App\\Providers\\BroadcastServiceProvider->boot()
#8 C:\\xampp\\htdocs\\dashboard\\myCommerceSite\\vendor\\laravel\\framework\\src\\Illuminate\\Container\\BoundMethod.php(33): call_user_func_array(Array, Array)
#9 C:\\xampp\\htdocs\\dashboard\\myCommerceSite\\vendor\\laravel\\framework\\src\\Illuminate\\Container\\Util.php(37): Illuminate\\Container\\BoundMethod::Illuminate\\Container\\{closure}()
#10 C:\\xampp\\htdocs\\dashboard\\myCommerceSite\\vendor\\laravel\\framework\\src\\Illuminate\\Container\\BoundMethod.php(91): Illuminate\\Container\\Util::unwrapIfClosure(Object(Closure))
#11 C:\\xampp\\htdocs\\dashboard\\myCommerceSite\\vendor\\laravel\\framework\\src\\Illuminate\\Container\\BoundMethod.php(35): Illuminate\\Container\\BoundMethod::callBoundMethod(Object(Illuminate\\Foundation\\Application), Array, Object(Closure))
#12 C:\\xampp\\htdocs\\dashboard\\myCommerceSite\\vendor\\laravel\\framework\\src\\Illuminate\\Container\\Container.php(592): Illuminate\\Container\\BoundMethod::call(Object(Illuminate\\Foundation\\Application), Array, Array, NULL)
#13 C:\\xampp\\htdocs\\dashboard\\myCommerceSite\\vendor\\laravel\\framework\\src\\Illuminate\\Foundation\\Application.php(867): Illuminate\\Container\\Container->call(Array)
#14 C:\\xampp\\htdocs\\dashboard\\myCommerceSite\\vendor\\laravel\\framework\\src\\Illuminate\\Foundation\\Application.php(850): Illuminate\\Foundation\\Application->bootProvider(Object(App\\Providers\\BroadcastServiceProvider))
#15 [internal function]: Illuminate\\Foundation\\Application->Illuminate\\Foundation\\{closure}(Object(App\\Providers\\BroadcastServiceProvider), 23)
#16 C:\\xampp\\htdocs\\dashboard\\myCommerceSite\\vendor\\laravel\\framework\\src\\Illuminate\\Foundation\\Application.php(851): array_walk(Array, Object(Closure))
#17 C:\\xampp\\htdocs\\dashboard\\myCommerceSite\\vendor\\laravel\\framework\\src\\Illuminate\\Foundation\\Bootstrap\\BootProviders.php(17): Illuminate\\Foundation\\Application->boot()
#18 C:\\xampp\\htdocs\\dashboard\\myCommerceSite\\vendor\\laravel\\framework\\src\\Illuminate\\Foundation\\Application.php(230): Illuminate\\Foundation\\Bootstrap\\BootProviders->bootstrap(Object(Illuminate\\Foundation\\Application))
#19 C:\\xampp\\htdocs\\dashboard\\myCommerceSite\\vendor\\laravel\\framework\\src\\Illuminate\\Foundation\\Http\\Kernel.php(151): Illuminate\\Foundation\\Application->bootstrapWith(Array)
#20 C:\\xampp\\htdocs\\dashboard\\myCommerceSite\\vendor\\laravel\\framework\\src\\Illuminate\\Foundation\\Http\\Kernel.php(135): Illuminate\\Foundation\\Http\\Kernel->bootstrap()
#21 C:\\xampp\\htdocs\\dashboard\\myCommerceSite\\vendor\\laravel\\framework\\src\\Illuminate\\Foundation\\Http\\Kernel.php(109): Illuminate\\Foundation\\Http\\Kernel->sendRequestThroughRouter(Object(Illuminate\\Http\\Request))
#22 C:\\xampp\\htdocs\\dashboard\\myCommerceSite\\index.php(55): Illuminate\\Foundation\\Http\\Kernel->handle(Object(Illuminate\\Http\\Request))
#23 {main}
"} 
[2020-07-11 09:08:53] local.ERROR: Class 'Pusher\Pusher' not found {"exception":"[object] (Error(code: 0): Class 'Pusher\\Pusher' not found at C:\\xampp\\htdocs\\dashboard\\myCommerceSite\\vendor\\laravel\\framework\\src\\Illuminate\\Broadcasting\\BroadcastManager.php:211)
[stacktrace]
#0 C:\\xampp\\htdocs\\dashboard\\myCommerceSite\\vendor\\laravel\\framework\\src\\Illuminate\\Broadcasting\\BroadcastManager.php(189): Illuminate\\Broadcasting\\BroadcastManager->createPusherDriver(Array)
#1 C:\\xampp\\htdocs\\dashboard\\myCommerceSite\\vendor\\laravel\\framework\\src\\Illuminate\\Broadcasting\\BroadcastManager.php(164): Illuminate\\Broadcasting\\BroadcastManager->resolve('pusher')
#2 C:\\xampp\\htdocs\\dashboard\\myCommerceSite\\vendor\\laravel\\framework\\src\\Illuminate\\Broadcasting\\BroadcastManager.php(153): Illuminate\\Broadcasting\\BroadcastManager->get('pusher')
#3 C:\\xampp\\htdocs\\dashboard\\myCommerceSite\\vendor\\laravel\\framework\\src\\Illuminate\\Broadcasting\\BroadcastManager.php(320): Illuminate\\Broadcasting\\BroadcastManager->driver()
#4 C:\\xampp\\htdocs\\dashboard\\myCommerceSite\\vendor\\laravel\\framework\\src\\Illuminate\\Support\\Facades\\Facade.php(261): Illuminate\\Broadcasting\\BroadcastManager->__call('channel', Array)
#5 C:\\xampp\\htdocs\\dashboard\\myCommerceSite\outes\\channels.php(18): Illuminate\\Support\\Facades\\Facade::__callStatic('channel', Array)
#6 C:\\xampp\\htdocs\\dashboard\\myCommerceSite\\app\\Providers\\BroadcastServiceProvider.php(19): require('C:\\\\xampp\\\\htdocs...')
#7 [internal function]: App\\Providers\\BroadcastServiceProvider->boot()
#8 C:\\xampp\\htdocs\\dashboard\\myCommerceSite\\vendor\\laravel\\framework\\src\\Illuminate\\Container\\BoundMethod.php(33): call_user_func_array(Array, Array)
#9 C:\\xampp\\htdocs\\dashboard\\myCommerceSite\\vendor\\laravel\\framework\\src\\Illuminate\\Container\\Util.php(37): Illuminate\\Container\\BoundMethod::Illuminate\\Container\\{closure}()
#10 C:\\xampp\\htdocs\\dashboard\\myCommerceSite\\vendor\\laravel\\framework\\src\\Illuminate\\Container\\BoundMethod.php(91): Illuminate\\Container\\Util::unwrapIfClosure(Object(Closure))
#11 C:\\xampp\\htdocs\\dashboard\\myCommerceSite\\vendor\\laravel\\framework\\src\\Illuminate\\Container\\BoundMethod.php(35): Illuminate\\Container\\BoundMethod::callBoundMethod(Object(Illuminate\\Foundation\\Application), Array, Object(Closure))
#12 C:\\xampp\\htdocs\\dashboard\\myCommerceSite\\vendor\\laravel\\framework\\src\\Illuminate\\Container\\Container.php(592): Illuminate\\Container\\BoundMethod::call(Object(Illuminate\\Foundation\\Application), Array, Array, NULL)
#13 C:\\xampp\\htdocs\\dashboard\\myCommerceSite\\vendor\\laravel\\framework\\src\\Illuminate\\Foundation\\Application.php(867): Illuminate\\Container\\Container->call(Array)
#14 C:\\xampp\\htdocs\\dashboard\\myCommerceSite\\vendor\\laravel\\framework\\src\\Illuminate\\Foundation\\Application.php(850): Illuminate\\Foundation\\Application->bootProvider(Object(App\\Providers\\BroadcastServiceProvider))
#15 [internal function]: Illuminate\\Foundation\\Application->Illuminate\\Foundation\\{closure}(Object(App\\Providers\\BroadcastServiceProvider), 23)
#16 C:\\xampp\\htdocs\\dashboard\\myCommerceSite\\vendor\\laravel\\framework\\src\\Illuminate\\Foundation\\Application.php(851): array_walk(Array, Object(Closure))
#17 C:\\xampp\\htdocs\\dashboard\\myCommerceSite\\vendor\\laravel\\framework\\src\\Illuminate\\Foundation\\Bootstrap\\BootProviders.php(17): Illuminate\\Foundation\\Application->boot()
#18 C:\\xampp\\htdocs\\dashboard\\myCommerceSite\\vendor\\laravel\\framework\\src\\Illuminate\\Foundation\\Application.php(230): Illuminate\\Foundation\\Bootstrap\\BootProviders->bootstrap(Object(Illuminate\\Foundation\\Application))
#19 C:\\xampp\\htdocs\\dashboard\\myCommerceSite\\vendor\\laravel\\framework\\src\\Illuminate\\Foundation\\Http\\Kernel.php(151): Illuminate\\Foundation\\Application->bootstrapWith(Array)
#20 C:\\xampp\\htdocs\\dashboard\\myCommerceSite\\vendor\\laravel\\framework\\src\\Illuminate\\Foundation\\Http\\Kernel.php(135): Illuminate\\Foundation\\Http\\Kernel->bootstrap()
#21 C:\\xampp\\htdocs\\dashboard\\myCommerceSite\\vendor\\laravel\\framework\\src\\Illuminate\\Foundation\\Http\\Kernel.php(109): Illuminate\\Foundation\\Http\\Kernel->sendRequestThroughRouter(Object(Illuminate\\Http\\Request))
#22 C:\\xampp\\htdocs\\dashboard\\myCommerceSite\\index.php(55): Illuminate\\Foundation\\Http\\Kernel->handle(Object(Illuminate\\Http\\Request))
#23 {main}
"} 
[2020-07-11 09:09:49] local.ERROR: Class 'Pusher\Pusher' not found {"exception":"[object] (Error(code: 0): Class 'Pusher\\Pusher' not found at C:\\xampp\\htdocs\\dashboard\\myCommerceSite\\vendor\\laravel\\framework\\src\\Illuminate\\Broadcasting\\BroadcastManager.php:211)
[stacktrace]
#0 C:\\xampp\\htdocs\\dashboard\\myCommerceSite\\vendor\\laravel\\framework\\src\\Illuminate\\Broadcasting\\BroadcastManager.php(189): Illuminate\\Broadcasting\\BroadcastManager->createPusherDriver(Array)
#1 C:\\xampp\\htdocs\\dashboard\\myCommerceSite\\vendor\\laravel\\framework\\src\\Illuminate\\Broadcasting\\BroadcastManager.php(164): Illuminate\\Broadcasting\\BroadcastManager->resolve('pusher')
#2 C:\\xampp\\htdocs\\dashboard\\myCommerceSite\\vendor\\laravel\\framework\\src\\Illuminate\\Broadcasting\\BroadcastManager.php(153): Illuminate\\Broadcasting\\BroadcastManager->get('pusher')
#3 C:\\xampp\\htdocs\\dashboard\\myCommerceSite\\vendor\\laravel\\framework\\src\\Illuminate\\Broadcasting\\BroadcastManager.php(320): Illuminate\\Broadcasting\\BroadcastManager->driver()
#4 C:\\xampp\\htdocs\\dashboard\\myCommerceSite\\vendor\\laravel\\framework\\src\\Illuminate\\Support\\Facades\\Facade.php(261): Illuminate\\Broadcasting\\BroadcastManager->__call('channel', Array)
#5 C:\\xampp\\htdocs\\dashboard\\myCommerceSite\outes\\channels.php(18): Illuminate\\Support\\Facades\\Facade::__callStatic('channel', Array)
#6 C:\\xampp\\htdocs\\dashboard\\myCommerceSite\\app\\Providers\\BroadcastServiceProvider.php(19): require('C:\\\\xampp\\\\htdocs...')
#7 [internal function]: App\\Providers\\BroadcastServiceProvider->boot()
#8 C:\\xampp\\htdocs\\dashboard\\myCommerceSite\\vendor\\laravel\\framework\\src\\Illuminate\\Container\\BoundMethod.php(33): call_user_func_array(Array, Array)
#9 C:\\xampp\\htdocs\\dashboard\\myCommerceSite\\vendor\\laravel\\framework\\src\\Illuminate\\Container\\Util.php(37): Illuminate\\Container\\BoundMethod::Illuminate\\Container\\{closure}()
#10 C:\\xampp\\htdocs\\dashboard\\myCommerceSite\\vendor\\laravel\\framework\\src\\Illuminate\\Container\\BoundMethod.php(91): Illuminate\\Container\\Util::unwrapIfClosure(Object(Closure))
#11 C:\\xampp\\htdocs\\dashboard\\myCommerceSite\\vendor\\laravel\\framework\\src\\Illuminate\\Container\\BoundMethod.php(35): Illuminate\\Container\\BoundMethod::callBoundMethod(Object(Illuminate\\Foundation\\Application), Array, Object(Closure))
#12 C:\\xampp\\htdocs\\dashboard\\myCommerceSite\\vendor\\laravel\\framework\\src\\Illuminate\\Container\\Container.php(592): Illuminate\\Container\\BoundMethod::call(Object(Illuminate\\Foundation\\Application), Array, Array, NULL)
#13 C:\\xampp\\htdocs\\dashboard\\myCommerceSite\\vendor\\laravel\\framework\\src\\Illuminate\\Foundation\\Application.php(867): Illuminate\\Container\\Container->call(Array)
#14 C:\\xampp\\htdocs\\dashboard\\myCommerceSite\\vendor\\laravel\\framework\\src\\Illuminate\\Foundation\\Application.php(850): Illuminate\\Foundation\\Application->bootProvider(Object(App\\Providers\\BroadcastServiceProvider))
#15 [internal function]: Illuminate\\Foundation\\Application->Illuminate\\Foundation\\{closure}(Object(App\\Providers\\BroadcastServiceProvider), 23)
#16 C:\\xampp\\htdocs\\dashboard\\myCommerceSite\\vendor\\laravel\\framework\\src\\Illuminate\\Foundation\\Application.php(851): array_walk(Array, Object(Closure))
#17 C:\\xampp\\htdocs\\dashboard\\myCommerceSite\\vendor\\laravel\\framework\\src\\Illuminate\\Foundation\\Bootstrap\\BootProviders.php(17): Illuminate\\Foundation\\Application->boot()
#18 C:\\xampp\\htdocs\\dashboard\\myCommerceSite\\vendor\\laravel\\framework\\src\\Illuminate\\Foundation\\Application.php(230): Illuminate\\Foundation\\Bootstrap\\BootProviders->bootstrap(Object(Illuminate\\Foundation\\Application))
#19 C:\\xampp\\htdocs\\dashboard\\myCommerceSite\\vendor\\laravel\\framework\\src\\Illuminate\\Foundation\\Http\\Kernel.php(151): Illuminate\\Foundation\\Application->bootstrapWith(Array)
#20 C:\\xampp\\htdocs\\dashboard\\myCommerceSite\\vendor\\laravel\\framework\\src\\Illuminate\\Foundation\\Http\\Kernel.php(135): Illuminate\\Foundation\\Http\\Kernel->bootstrap()
#21 C:\\xampp\\htdocs\\dashboard\\myCommerceSite\\vendor\\laravel\\framework\\src\\Illuminate\\Foundation\\Http\\Kernel.php(109): Illuminate\\Foundation\\Http\\Kernel->sendRequestThroughRouter(Object(Illuminate\\Http\\Request))
#22 C:\\xampp\\htdocs\\dashboard\\myCommerceSite\\index.php(55): Illuminate\\Foundation\\Http\\Kernel->handle(Object(Illuminate\\Http\\Request))
#23 {main}
"} 
[2020-07-11 09:12:16] local.ERROR: Class 'Pusher\Pusher' not found {"exception":"[object] (Error(code: 0): Class 'Pusher\\Pusher' not found at C:\\xampp\\htdocs\\dashboard\\myCommerceSite\\vendor\\laravel\\framework\\src\\Illuminate\\Broadcasting\\BroadcastManager.php:211)
[stacktrace]
#0 C:\\xampp\\htdocs\\dashboard\\myCommerceSite\\vendor\\laravel\\framework\\src\\Illuminate\\Broadcasting\\BroadcastManager.php(189): Illuminate\\Broadcasting\\BroadcastManager->createPusherDriver(Array)
#1 C:\\xampp\\htdocs\\dashboard\\myCommerceSite\\vendor\\laravel\\framework\\src\\Illuminate\\Broadcasting\\BroadcastManager.php(164): Illuminate\\Broadcasting\\BroadcastManager->resolve('pusher')
#2 C:\\xampp\\htdocs\\dashboard\\myCommerceSite\\vendor\\laravel\\framework\\src\\Illuminate\\Broadcasting\\BroadcastManager.php(153): Illuminate\\Broadcasting\\BroadcastManager->get('pusher')
#3 C:\\xampp\\htdocs\\dashboard\\myCommerceSite\\vendor\\laravel\\framework\\src\\Illuminate\\Broadcasting\\BroadcastManager.php(320): Illuminate\\Broadcasting\\BroadcastManager->driver()
#4 C:\\xampp\\htdocs\\dashboard\\myCommerceSite\\vendor\\laravel\\framework\\src\\Illuminate\\Support\\Facades\\Facade.php(261): Illuminate\\Broadcasting\\BroadcastManager->__call('channel', Array)
#5 C:\\xampp\\htdocs\\dashboard\\myCommerceSite\outes\\channels.php(18): Illuminate\\Support\\Facades\\Facade::__callStatic('channel', Array)
#6 C:\\xampp\\htdocs\\dashboard\\myCommerceSite\\app\\Providers\\BroadcastServiceProvider.php(19): require('C:\\\\xampp\\\\htdocs...')
#7 [internal function]: App\\Providers\\BroadcastServiceProvider->boot()
#8 C:\\xampp\\htdocs\\dashboard\\myCommerceSite\\vendor\\laravel\\framework\\src\\Illuminate\\Container\\BoundMethod.php(33): call_user_func_array(Array, Array)
#9 C:\\xampp\\htdocs\\dashboard\\myCommerceSite\\vendor\\laravel\\framework\\src\\Illuminate\\Container\\Util.php(37): Illuminate\\Container\\BoundMethod::Illuminate\\Container\\{closure}()
#10 C:\\xampp\\htdocs\\dashboard\\myCommerceSite\\vendor\\laravel\\framework\\src\\Illuminate\\Container\\BoundMethod.php(91): Illuminate\\Container\\Util::unwrapIfClosure(Object(Closure))
#11 C:\\xampp\\htdocs\\dashboard\\myCommerceSite\\vendor\\laravel\\framework\\src\\Illuminate\\Container\\BoundMethod.php(35): Illuminate\\Container\\BoundMethod::callBoundMethod(Object(Illuminate\\Foundation\\Application), Array, Object(Closure))
#12 C:\\xampp\\htdocs\\dashboard\\myCommerceSite\\vendor\\laravel\\framework\\src\\Illuminate\\Container\\Container.php(592): Illuminate\\Container\\BoundMethod::call(Object(Illuminate\\Foundation\\Application), Array, Array, NULL)
#13 C:\\xampp\\htdocs\\dashboard\\myCommerceSite\\vendor\\laravel\\framework\\src\\Illuminate\\Foundation\\Application.php(867): Illuminate\\Container\\Container->call(Array)
#14 C:\\xampp\\htdocs\\dashboard\\myCommerceSite\\vendor\\laravel\\framework\\src\\Illuminate\\Foundation\\Application.php(850): Illuminate\\Foundation\\Application->bootProvider(Object(App\\Providers\\BroadcastServiceProvider))
#15 [internal function]: Illuminate\\Foundation\\Application->Illuminate\\Foundation\\{closure}(Object(App\\Providers\\BroadcastServiceProvider), 23)
#16 C:\\xampp\\htdocs\\dashboard\\myCommerceSite\\vendor\\laravel\\framework\\src\\Illuminate\\Foundation\\Application.php(851): array_walk(Array, Object(Closure))
#17 C:\\xampp\\htdocs\\dashboard\\myCommerceSite\\vendor\\laravel\\framework\\src\\Illuminate\\Foundation\\Bootstrap\\BootProviders.php(17): Illuminate\\Foundation\\Application->boot()
#18 C:\\xampp\\htdocs\\dashboard\\myCommerceSite\\vendor\\laravel\\framework\\src\\Illuminate\\Foundation\\Application.php(230): Illuminate\\Foundation\\Bootstrap\\BootProviders->bootstrap(Object(Illuminate\\Foundation\\Application))
#19 C:\\xampp\\htdocs\\dashboard\\myCommerceSite\\vendor\\laravel\\framework\\src\\Illuminate\\Foundation\\Http\\Kernel.php(151): Illuminate\\Foundation\\Application->bootstrapWith(Array)
#20 C:\\xampp\\htdocs\\dashboard\\myCommerceSite\\vendor\\laravel\\framework\\src\\Illuminate\\Foundation\\Http\\Kernel.php(135): Illuminate\\Foundation\\Http\\Kernel->bootstrap()
#21 C:\\xampp\\htdocs\\dashboard\\myCommerceSite\\vendor\\laravel\\framework\\src\\Illuminate\\Foundation\\Http\\Kernel.php(109): Illuminate\\Foundation\\Http\\Kernel->sendRequestThroughRouter(Object(Illuminate\\Http\\Request))
#22 C:\\xampp\\htdocs\\dashboard\\myCommerceSite\\index.php(55): Illuminate\\Foundation\\Http\\Kernel->handle(Object(Illuminate\\Http\\Request))
#23 {main}
"} 
